#
# There is insufficient memory for the Java Runtime Environment to continue.
# Native memory allocation (mmap) failed to map 268435456 bytes for Failed to commit area from 0x0000000701e00000 to 0x0000000711e00000 of length 268435456.
# Possible reasons:
#   The system is out of physical RAM or swap space
#   The process is running with CompressedOops enabled, and the Java Heap may be blocking the growth of the native heap
# Possible solutions:
#   Reduce memory load on the system
#   Increase physical memory or swap space
#   Check if swap backing store is full
#   Decrease Java heap size (-Xmx/-Xms)
#   Decrease number of Java threads
#   Decrease Java thread stack sizes (-Xss)
#   Set larger code cache with -XX:ReservedCodeCacheSize=
# This output file may be truncated or incomplete.
#
#  Out of Memory Error (t:/workspace/open/src/hotspot/os/windows/os_windows.cpp:3269), pid=4644, tid=20828
#
# JRE version:  (11.0.2+9) (build )
# Java VM: Java HotSpot(TM) 64-Bit Server VM (11.0.2+9-LTS, mixed mode, aot, sharing, tiered, compressed oops, g1 gc, windows-amd64)
# No core dump will be written. Minidumps are not enabled by default on client versions of Windows
#

---------------  S U M M A R Y ------------

Command Line: -Dfile.encoding=UTF-8 cinemamanagementsystem.Views.AddMovieView

Host: Intel(R) Core(TM) i7-7700HQ CPU @ 2.80GHz, 8 cores, 15G,  Windows 10 , 64 bit Build 18362 (10.0.18362.329)
Time: Mon Mar  9 08:16:22 2020 Middle East Standard Time elapsed time: 0 seconds (0d 0h 0m 0s)

---------------  T H R E A D  ---------------

Current thread (0x00000215ad657800):  JavaThread "Unknown thread" [_thread_in_vm, id=20828, stack(0x000000c9b4000000,0x000000c9b4100000)]

Stack: [0x000000c9b4000000,0x000000c9b4100000]
Native frames: (J=compiled Java code, j=interpreted, Vv=VM code, C=native code)
V  [jvm.dll+0x63574a]
V  [jvm.dll+0x77326f]
V  [jvm.dll+0x77491a]
V  [jvm.dll+0x774fd3]
V  [jvm.dll+0x25e418]
V  [jvm.dll+0x632c0a]
V  [jvm.dll+0x627645]
V  [jvm.dll+0x314e7c]
V  [jvm.dll+0x314d02]
V  [jvm.dll+0x31a576]
V  [jvm.dll+0x36635f]
V  [jvm.dll+0x365d80]
V  [jvm.dll+0x2f19f8]
V  [jvm.dll+0x2f2b56]
V  [jvm.dll+0x74c817]
V  [jvm.dll+0x74df5f]
V  [jvm.dll+0x373179]
V  [jvm.dll+0x732eb9]
V  [jvm.dll+0x3e295d]
V  [jvm.dll+0x3e4c61]
C  [javaw.exe+0x3617]
C  [javaw.exe+0x17e2c]
C  [KERNEL32.DLL+0x17bd4]
C  [ntdll.dll+0x6ced1]


---------------  P R O C E S S  ---------------

Threads class SMR info:
_java_thread_list=0x00000215ad409f00, length=0, elements={
}

Java Threads: ( => current thread )

Other Threads:
  0x00000215ad66c000 GCTaskThread "GC Thread#0" [stack: 0x000000c9b4100000,0x000000c9b4200000] [id=7764]
  0x00000215ad6ca800 ConcurrentGCThread "G1 Main Marker" [stack: 0x000000c9b4200000,0x000000c9b4300000] [id=20288]
  0x00000215ad6cc000 ConcurrentGCThread "G1 Conc#0" [stack: 0x000000c9b4300000,0x000000c9b4400000] [id=5252]

[error occurred during error reporting (printing all threads), id 0xc0000005, EXCEPTION_ACCESS_VIOLATION (0xc0000005) at pc=0x00007ff82cb80197]

VM state:not at safepoint (not fully initialized)

VM Mutex/Monitor currently owned by a thread:  ([mutex/lock_event])
[0x00000215ad6519a0] Heap_lock - owner thread: 0x00000215ad657800

Heap address: 0x0000000701e00000, size: 4066 MB, Compressed Oops mode: Non-zero based: 0x0000000701e00000
Narrow klass base: 0x0000000000000000, Narrow klass shift: 0

GC Heap History (0 events):
No events

Deoptimization events (0 events):
No events

Classes redefined (0 events):
No events

Internal exceptions (0 events):
No events

Events (0 events):
No events


Dynamic libraries:
0x00007ff72c060000 - 0x00007ff72c0a7000 	C:\Program Files\Java\jdk-11.0.2\bin\javaw.exe
0x00007ff893500000 - 0x00007ff8936f0000 	C:\WINDOWS\SYSTEM32\ntdll.dll
0x00007ff892b50000 - 0x00007ff892c02000 	C:\WINDOWS\System32\KERNEL32.DLL
0x00007ff891060000 - 0x00007ff891303000 	C:\WINDOWS\System32\KERNELBASE.dll
0x00007ff892280000 - 0x00007ff892323000 	C:\WINDOWS\System32\ADVAPI32.dll
0x00007ff8932e0000 - 0x00007ff89337e000 	C:\WINDOWS\System32\msvcrt.dll
0x00007ff893380000 - 0x00007ff893417000 	C:\WINDOWS\System32\sechost.dll
0x00007ff892c10000 - 0x00007ff892d30000 	C:\WINDOWS\System32\RPCRT4.dll
0x00007ff891e60000 - 0x00007ff891ff4000 	C:\WINDOWS\System32\USER32.dll
0x00007ff890610000 - 0x00007ff890631000 	C:\WINDOWS\System32\win32u.dll
0x00007ff892a20000 - 0x00007ff892a46000 	C:\WINDOWS\System32\GDI32.dll
0x00007ff891410000 - 0x00007ff8915a4000 	C:\WINDOWS\System32\gdi32full.dll
0x00007ff8906c0000 - 0x00007ff89075e000 	C:\WINDOWS\System32\msvcp_win.dll
0x00007ff890510000 - 0x00007ff89060a000 	C:\WINDOWS\System32\ucrtbase.dll
0x00007ff87f6f0000 - 0x00007ff87f975000 	C:\WINDOWS\WinSxS\amd64_microsoft.windows.common-controls_6595b64144ccf1df_6.0.18362.657_none_e6c5b579130e3898\COMCTL32.dll
0x00007ff8886a0000 - 0x00007ff8886aa000 	C:\WINDOWS\SYSTEM32\VERSION.dll
0x00007ff891830000 - 0x00007ff891b66000 	C:\WINDOWS\System32\combase.dll
0x00007ff890490000 - 0x00007ff890510000 	C:\WINDOWS\System32\bcryptPrimitives.dll
0x00007ff8921a0000 - 0x00007ff8921ce000 	C:\WINDOWS\System32\IMM32.DLL
0x00007ff883070000 - 0x00007ff883086000 	C:\Program Files\Java\jdk-11.0.2\bin\vcruntime140.dll
0x00007ff86e410000 - 0x00007ff86e4ba000 	C:\Program Files\Java\jdk-11.0.2\bin\msvcp140.dll
0x00007ff82c880000 - 0x00007ff82d3a7000 	C:\Program Files\Java\jdk-11.0.2\bin\server\jvm.dll
0x00007ff892a50000 - 0x00007ff892a58000 	C:\WINDOWS\System32\PSAPI.DLL
0x00007ff86d3b0000 - 0x00007ff86d3b9000 	C:\WINDOWS\SYSTEM32\WSOCK32.dll
0x00007ff88bca0000 - 0x00007ff88bcc4000 	C:\WINDOWS\SYSTEM32\WINMM.dll
0x00007ff892000000 - 0x00007ff89206f000 	C:\WINDOWS\System32\WS2_32.dll
0x00007ff88bc70000 - 0x00007ff88bc9d000 	C:\WINDOWS\SYSTEM32\WINMMBASE.dll
0x00007ff8913c0000 - 0x00007ff89140a000 	C:\WINDOWS\System32\cfgmgr32.dll
0x00007ff8903e0000 - 0x00007ff8903f1000 	C:\WINDOWS\System32\kernel.appcore.dll
0x00007ff882d70000 - 0x00007ff882d81000 	C:\Program Files\Java\jdk-11.0.2\bin\verify.dll
0x00007ff88e790000 - 0x00007ff88e984000 	C:\WINDOWS\SYSTEM32\DBGHELP.DLL
0x00007ff8795a0000 - 0x00007ff8795ca000 	C:\WINDOWS\SYSTEM32\dbgcore.DLL
0x00007ff882b70000 - 0x00007ff882b99000 	C:\Program Files\Java\jdk-11.0.2\bin\java.dll
0x00007ff882bb0000 - 0x00007ff882bc6000 	C:\Program Files\Java\jdk-11.0.2\bin\zip.dll
0x00007ff88cd70000 - 0x00007ff88cd7a000 	C:\Program Files\Java\jdk-11.0.2\bin\jimage.dll

dbghelp: loaded successfully - version: 4.0.5 - missing functions: none
symbol engine: initialized successfully - sym options: 0x614 - pdb path: .;C:\Program Files\Java\jdk-11.0.2\bin;C:\WINDOWS\SYSTEM32;C:\WINDOWS\WinSxS\amd64_microsoft.windows.common-controls_6595b64144ccf1df_6.0.18362.657_none_e6c5b579130e3898;C:\Program Files\Java\jdk-11.0.2\bin\server

VM Arguments:
jvm_args: -Dfile.encoding=UTF-8 
java_command: cinemamanagementsystem.Views.AddMovieView
java_class_path (initial): D:\Studies\Computer Science\3rd Year\Projects\I3305\CinemaManagementSystem\bin;D:\Studies\Computer Science\3rd Year\Projects\I3305\CinemaManagementSystem\lib\mysql-connector-java-8.0.19.jar;D:\Studies\Computer Science\3rd Year\Projects\I3305\CinemaManagementSystem\jgoodies-forms-1.8.0.jar
Launcher Type: SUN_STANDARD

[Global flags]
     intx CICompilerCount                          = 4                                         {product} {ergonomic}
     uint ConcGCThreads                            = 2                                         {product} {ergonomic}
     uint G1ConcRefinementThreads                  = 8                                         {product} {ergonomic}
   size_t G1HeapRegionSize                         = 1048576                                   {product} {ergonomic}
    uintx GCDrainStackTargetSize                   = 64                                        {product} {ergonomic}
   size_t InitialHeapSize                          = 268435456                                 {product} {ergonomic}
   size_t MarkStackSize                            = 4194304                                   {product} {ergonomic}
   size_t MaxHeapSize                              = 4263510016                                {product} {ergonomic}
   size_t MinHeapDeltaBytes                        = 1048576                                   {product} {ergonomic}
    uintx NonNMethodCodeHeapSize                   = 5835340                                {pd product} {ergonomic}
    uintx NonProfiledCodeHeapSize                  = 122911450                              {pd product} {ergonomic}
    uintx ProfiledCodeHeapSize                     = 122911450                              {pd product} {ergonomic}
    uintx ReservedCodeCacheSize                    = 251658240                              {pd product} {ergonomic}
     bool SegmentedCodeCache                       = true                                      {product} {ergonomic}
     bool UseCompressedClassPointers               = true                                 {lp64_product} {ergonomic}
     bool UseCompressedOops                        = true                                 {lp64_product} {ergonomic}
     bool UseG1GC                                  = true                                      {product} {ergonomic}
     bool UseLargePagesIndividualAllocation        = false                                  {pd product} {ergonomic}

Logging:
Log output configuration:
 #0: stdout all=warning uptime,level,tags
 #1: stderr all=off uptime,level,tags

Environment Variables:
PATH=C:/Program Files/Java/jre1.8.0_241/bin/server;C:/Program Files/Java/jre1.8.0_241/bin;C:/Program Files/Java/jre1.8.0_241/lib/amd64;C:\ProgramData\Oracle\Java\javapath;C:\Python27\;C:\Python27\Scripts;D:\Oracle\app\oracle\product\11.2.0\server\bin;C:\Program Files (x86)\Common Files\Oracle\Java\javapath;C:\Program Files\Microsoft MPI\Bin\;C:\Program Files (x86)\Razer Chroma SDK\bin;C:\Program Files\Razer Chroma SDK\bin;C:\Program Files (x86)\Intel\iCLS Client\;C:\Program Files\Intel\iCLS Client\;C:\Windows\system32;C:\Windows;C:\Windows\System32\Wbem;C:\Windows\System32\WindowsPowerShell\v1.0\;C:\Program Files (x86)\NVIDIA Corporation\PhysX\Common;C:\Program Files (x86)\Intel\Intel(R) Management Engine Components\DAL;C:\Program Files\Intel\Intel(R) Management Engine Components\DAL;C:\Program Files (x86)\Intel\Intel(R) Management Engine Components\IPT;C:\Program Files\Intel\Intel(R) Management Engine Components\IPT;C:\Program Files (x86)\GtkSharp\2.12\bin;C:\WINDOWS\system32;C:\WINDOWS;C:\WINDOWS\System32\Wbem;C:\WINDOWS\System32\WindowsPowerShell\v1.0\;C:\WINDOWS\system32\config\systemprofile\AppData\Local\Microsoft\WindowsApps;C:\Program Files\Microsoft SQL Server\130\Tools\Binn\;C:\Program Files\dotnet\;C:\Program Files\Git\cmd;C:\WINDOWS\System32\OpenSSH\;C:\Program Files\NVIDIA Corporation\NVIDIA NvDLISR;D:\MATLAB\runtime\win64;D:\MATLAB\bin;C:\Program Files\PuTTY\;D:\Node Js\;C:\ProgramData\chocolatey\bin;C:\WINDOWS\system32;C:\WINDOWS;C:\WINDOWS\System32\Wbem;C:\WINDOWS\System32\WindowsPowerShell\v1.0\;C:\WINDOWS\System32\OpenSSH\;D:\OpenSSL-Win64\bin;D:\WampServer\bin\php\php7.3.5;D:\LaravelComposer;D:\Vagrant\bin;C:\Users\itsbb\AppData\Local\Microsoft\WindowsApps;C:\Users\itsbb\.dotnet\tools;D:\Microsoft VS Code\bin;C:\Users\itsbb\AppData\Roaming\npm;C:\Users\itsbb\AppData\Local\GitHubDesktop\bin;C:\Users\itsbb\AppData\Local\Microsoft\WindowsApps;C:\Users\itsbb\AppData\Roaming\Composer\vendor\bin;C:\Users\itsbb\AppData\Local\atom\bin;C:\WINDOWS\System32;
USERNAME=itsbb
OS=Windows_NT
PROCESSOR_IDENTIFIER=Intel64 Family 6 Model 158 Stepping 9, GenuineIntel



---------------  S Y S T E M  ---------------

OS: Windows 10 , 64 bit Build 18362 (10.0.18362.329)

CPU:total 8 (initial active 8) (4 cores per cpu, 2 threads per core) family 6 model 158 stepping 9, cmov, cx8, fxsr, mmx, sse, sse2, sse3, ssse3, sse4.1, sse4.2, popcnt, avx, avx2, aes, clmul, erms, 3dnowpref, lzcnt, ht, tsc, tscinvbit, bmi1, bmi2, adx, fma

Memory: 4k page, system-wide physical 16259M (7923M free)
TotalPageFile size 22059M (AvailPageFile size 122M)
current process WorkingSet (physical memory assigned to process): 9M, peak: 9M
current process commit charge ("private bytes"): 60M, peak: 316M

vm_info: Java HotSpot(TM) 64-Bit Server VM (11.0.2+9-LTS) for windows-amd64 JRE (11.0.2+9-LTS), built on Jan 18 2019 05:24:10 by "mach5one" with MS VC++ 15.5 (VS2017)

END.
